<?xml version="1.0" encoding="UTF-8"?>
<testng-results ignored="0" total="4" passed="4" failed="0" skipped="0">
  <reporter-output>
  </reporter-output>
  <suite started-at="2026-05-13T16:41:40 IST" name="Default suite" finished-at="2026-05-13T16:42:24 IST" duration-ms="43678">
    <groups>
      <group name="cucumber">
        <method signature="AbstractTestNGCucumberTests.runScenario(io.cucumber.testng.PickleWrapper,io.cucumber.testng.FeatureWrapper)[pri:0, instance:com.runner.RunnerCLass@8c3b9d]" name="runScenario" class="io.cucumber.testng.AbstractTestNGCucumberTests"/>
      </group> <!-- cucumber -->
    </groups>
    <test started-at="2026-05-13T16:41:40 IST" name="Default test" finished-at="2026-05-13T16:42:24 IST" duration-ms="43678">
      <class name="com.runner.RunnerCLass">
        <test-method is-config="true" signature="setUpClass(org.testng.ITestContext)[pri:0, instance:com.runner.RunnerCLass@8c3b9d]" started-at="2026-05-13T16:41:40 IST" name="setUpClass" finished-at="2026-05-13T16:41:41 IST" duration-ms="1576" status="PASS">
          <params>
            <param index="0">
              <value>
                <![CDATA[org.testng.TestRunner@6ea3a513]]>
              </value>
            </param>
          </params>
          <reporter-output>
          </reporter-output>
        </test-method> <!-- setUpClass -->
        <test-method signature="runScenario(io.cucumber.testng.PickleWrapper,io.cucumber.testng.FeatureWrapper)[pri:0, instance:com.runner.RunnerCLass@8c3b9d]" started-at="2026-05-13T16:41:42 IST" name="runScenario" description="Runs Cucumber Scenarios" data-provider="scenarios" finished-at="2026-05-13T16:41:58 IST" duration-ms="16817" status="PASS">
          <params>
            <param index="0">
              <value>
                <![CDATA["Add a new address"]]>
              </value>
            </param>
            <param index="1">
              <value>
                <![CDATA["Address Book Feature"]]>
              </value>
            </param>
          </params>
          <reporter-output>
          </reporter-output>
        </test-method> <!-- runScenario -->
        <test-method signature="runScenario(io.cucumber.testng.PickleWrapper,io.cucumber.testng.FeatureWrapper)[pri:0, instance:com.runner.RunnerCLass@8c3b9d]" started-at="2026-05-13T16:41:58 IST" name="runScenario" description="Runs Cucumber Scenarios" data-provider="scenarios" finished-at="2026-05-13T16:42:06 IST" duration-ms="8029" status="PASS">
          <params>
            <param index="0">
              <value>
                <![CDATA["Searching a product in Tutorials Ninja"]]>
              </value>
            </param>
            <param index="1">
              <value>
                <![CDATA["Searching feature in Tutorials Ninja"]]>
              </value>
            </param>
          </params>
          <reporter-output>
          </reporter-output>
        </test-method> <!-- runScenario -->
        <test-method signature="runScenario(io.cucumber.testng.PickleWrapper,io.cucumber.testng.FeatureWrapper)[pri:0, instance:com.runner.RunnerCLass@8c3b9d]" started-at="2026-05-13T16:42:06 IST" name="runScenario" description="Runs Cucumber Scenarios" data-provider="scenarios" finished-at="2026-05-13T16:42:12 IST" duration-ms="5467" status="PASS">
          <params>
            <param index="0">
              <value>
                <![CDATA["Searching a product in Tutorials Ninja"]]>
              </value>
            </param>
            <param index="1">
              <value>
                <![CDATA["Searching feature in Tutorials Ninja"]]>
              </value>
            </param>
          </params>
          <reporter-output>
          </reporter-output>
        </test-method> <!-- runScenario -->
        <test-method signature="runScenario(io.cucumber.testng.PickleWrapper,io.cucumber.testng.FeatureWrapper)[pri:0, instance:com.runner.RunnerCLass@8c3b9d]" started-at="2026-05-13T16:42:12 IST" name="runScenario" description="Runs Cucumber Scenarios" data-provider="scenarios" finished-at="2026-05-13T16:42:20 IST" duration-ms="8126" status="PASS">
          <params>
            <param index="0">
              <value>
                <![CDATA["Searching a product in Tutorials Ninja"]]>
              </value>
            </param>
            <param index="1">
              <value>
                <![CDATA["Searching feature in Tutorials Ninja"]]>
              </value>
            </param>
          </params>
          <reporter-output>
          </reporter-output>
        </test-method> <!-- runScenario -->
        <test-method is-config="true" signature="tearDownClass()[pri:0, instance:com.runner.RunnerCLass@8c3b9d]" started-at="2026-05-13T16:42:20 IST" name="tearDownClass" finished-at="2026-05-13T16:42:24 IST" duration-ms="3575" status="PASS">
          <reporter-output>
          </reporter-output>
        </test-method> <!-- tearDownClass -->
      </class> <!-- com.runner.RunnerCLass -->
    </test> <!-- Default test -->
  </suite> <!-- Default suite -->
</testng-results>
