<?xml version="1.0" encoding="UTF-8"?>
<!-- Generated by org.testng.reporters.JUnitReportReporter -->
<testsuite hostname="LAPTOP-IBUOS8EK" failures="0" tests="4" name="com.runner.RunnerCLass" time="38.439" errors="0" timestamp="2026-05-13T16:42:24 IST" skipped="0">
  <testcase classname="com.runner.RunnerCLass" name="runScenario" time="8.029"/>
  <testcase classname="com.runner.RunnerCLass" name="runScenario" time="16.817"/>
  <testcase classname="com.runner.RunnerCLass" name="runScenario" time="8.126"/>
  <testcase classname="com.runner.RunnerCLass" name="runScenario" time="5.467"/>
</testsuite> <!-- com.runner.RunnerCLass -->
